<?xml version="1.0" encoding="UTF-8"?>
<testsuite name="net.ict.springex.mapper.TodoServiceTest" tests="1" skipped="0" failures="0" errors="0" timestamp="2022-11-16T03:02:09" hostname="DESKTOP-4RUM42V" time="0.105">
  <properties/>
  <testcase name="testPaging()" classname="net.ict.springex.mapper.TodoServiceTest" time="0.105"/>
  <system-out><![CDATA[12:02:08  INFO [org.springframework.test.context.support.DefaultTestContextBootstrapper] Loaded default TestExecutionListener class names from location [META-INF/spring.factories]: [org.springframework.test.context.web.ServletTestExecutionListener, org.springframework.test.context.support.DirtiesContextBeforeModesTestExecutionListener, org.springframework.test.context.event.ApplicationEventsTestExecutionListener, org.springframework.test.context.support.DependencyInjectionTestExecutionListener, org.springframework.test.context.support.DirtiesContextTestExecutionListener, org.springframework.test.context.transaction.TransactionalTestExecutionListener, org.springframework.test.context.jdbc.SqlScriptsTestExecutionListener, org.springframework.test.context.event.EventPublishingTestExecutionListener]
12:02:08  INFO [org.springframework.test.context.support.DefaultTestContextBootstrapper] Using TestExecutionListeners: [org.springframework.test.context.support.DirtiesContextBeforeModesTestExecutionListener@13e698c7, org.springframework.test.context.event.ApplicationEventsTestExecutionListener@aed0151, org.springframework.test.context.support.DependencyInjectionTestExecutionListener@267bbe1a, org.springframework.test.context.support.DirtiesContextTestExecutionListener@1f12e153, org.springframework.test.context.transaction.TransactionalTestExecutionListener@389562d6, org.springframework.test.context.jdbc.SqlScriptsTestExecutionListener@5a101b1c, org.springframework.test.context.event.EventPublishingTestExecutionListener@2160e52a]
12:02:09  INFO [com.zaxxer.hikari.HikariDataSource] HikariPool-1 - Starting...
12:02:09  INFO [com.zaxxer.hikari.pool.HikariPool] HikariPool-1 - Added connection org.mariadb.jdbc.Connection@54e3658c
12:02:09  INFO [com.zaxxer.hikari.HikariDataSource] HikariPool-1 - Start completed.
12:02:09  INFO [net.ict.springex.mapper.TodoServiceTest] PageResponseDTO(page=1, size=10, total=1536, start=1, end=10, prev=false, next=true, dtoList=[TodoDTO(tno=1789, title=스프링멀까?????!!>?>!!?!!?, dueDate=2022-11-16, finished=false, writer=정민), TodoDTO(tno=1788, title=스프링연습12, dueDate=2022-11-16, finished=false, writer=정민), TodoDTO(tno=1787, title=Test1234, dueDate=2022-11-16, finished=false, writer=ict01), TodoDTO(tno=1786, title=스프링멀까?????!!>?>!!?!!?, dueDate=2022-11-16, finished=false, writer=정민), TodoDTO(tno=1785, title=스프링연습12, dueDate=2022-11-16, finished=false, writer=정민), TodoDTO(tno=1784, title=Test1234, dueDate=2022-11-16, finished=false, writer=ict01), TodoDTO(tno=1783, title=스프링멀까?????!!>?>!!?!!?, dueDate=2022-11-16, finished=false, writer=정민), TodoDTO(tno=1782, title=스프링연습12, dueDate=2022-11-16, finished=false, writer=정민), TodoDTO(tno=1781, title=Test1234, dueDate=2022-11-16, finished=false, writer=ict01), TodoDTO(tno=1780, title=스프링멀까?????!!>?>!!?!!?, dueDate=2022-11-16, finished=false, writer=정민)])
12:02:09  INFO [net.ict.springex.mapper.TodoServiceTest] TodoDTO(tno=1789, title=스프링멀까?????!!>?>!!?!!?, dueDate=2022-11-16, finished=false, writer=정민)
12:02:09  INFO [net.ict.springex.mapper.TodoServiceTest] TodoDTO(tno=1788, title=스프링연습12, dueDate=2022-11-16, finished=false, writer=정민)
12:02:09  INFO [net.ict.springex.mapper.TodoServiceTest] TodoDTO(tno=1787, title=Test1234, dueDate=2022-11-16, finished=false, writer=ict01)
12:02:09  INFO [net.ict.springex.mapper.TodoServiceTest] TodoDTO(tno=1786, title=스프링멀까?????!!>?>!!?!!?, dueDate=2022-11-16, finished=false, writer=정민)
12:02:09  INFO [net.ict.springex.mapper.TodoServiceTest] TodoDTO(tno=1785, title=스프링연습12, dueDate=2022-11-16, finished=false, writer=정민)
12:02:09  INFO [net.ict.springex.mapper.TodoServiceTest] TodoDTO(tno=1784, title=Test1234, dueDate=2022-11-16, finished=false, writer=ict01)
12:02:09  INFO [net.ict.springex.mapper.TodoServiceTest] TodoDTO(tno=1783, title=스프링멀까?????!!>?>!!?!!?, dueDate=2022-11-16, finished=false, writer=정민)
12:02:09  INFO [net.ict.springex.mapper.TodoServiceTest] TodoDTO(tno=1782, title=스프링연습12, dueDate=2022-11-16, finished=false, writer=정민)
12:02:09  INFO [net.ict.springex.mapper.TodoServiceTest] TodoDTO(tno=1781, title=Test1234, dueDate=2022-11-16, finished=false, writer=ict01)
12:02:09  INFO [net.ict.springex.mapper.TodoServiceTest] TodoDTO(tno=1780, title=스프링멀까?????!!>?>!!?!!?, dueDate=2022-11-16, finished=false, writer=정민)
]]></system-out>
  <system-err><![CDATA[]]></system-err>
</testsuite>
